Using pre-set license
Built from '2020.3/staging' branch; Version is '2020.3.17f1 (a4537701e4ab) revision 10769271'; Using compiler version '192528614'; Build Type 'Release'
OS: 'Windows 10 Home; OS build 19043.1526; Version 2009; 64bit' Language: 'ru' Physical Memory: 16332 MB
BatchMode: 1, IsHumanControllingUs: 0, StartBugReporterOnCrash: 0, Is64bit: 1, IsPro: 0

COMMAND LINE ARGUMENTS:
D:\Unity\Editor\Unity.exe
-adb2
-batchMode
-noUpm
-name
AssetImportWorker0
-projectPath
C:/Users/lexa/Documents/GitHub/Platformer-mindbreaker
-logFile
Logs/AssetImportWorker0.log
-srvPort
64837
Successfully changed project path to: C:/Users/lexa/Documents/GitHub/Platformer-mindbreaker
C:/Users/lexa/Documents/GitHub/Platformer-mindbreaker
Using Asset Import Pipeline V2.
Refreshing native plugins compatible for Editor in 59.25 ms, found 3 plugins.
Preloading 0 native plugins for Editor in 0.00 ms.
Initialize engine version: 2020.3.17f1 (a4537701e4ab)
[Subsystems] Discovering subsystems at path D:/Unity/Editor/Data/Resources/UnitySubsystems
[Subsystems] Discovering subsystems at path C:/Users/lexa/Documents/GitHub/Platformer-mindbreaker/Assets
GfxDevice: creating device client; threaded=0
Direct3D:
    Version:  Direct3D 11.0 [level 11.1]
    Renderer: NVIDIA GeForce RTX 2070 SUPER (ID=0x1e84)
    Vendor:   
    VRAM:     8011 MB
    Driver:   30.0.14.9709
Initialize mono
Mono path[0] = 'D:/Unity/Editor/Data/Managed'
Mono path[1] = 'D:/Unity/Editor/Data/MonoBleedingEdge/lib/mono/unityjit'
Mono config path = 'D:/Unity/Editor/Data/MonoBleedingEdge/etc'
Using monoOptions --debugger-agent=transport=dt_socket,embedding=1,server=y,suspend=n,address=127.0.0.1:56676
Begin MonoManager ReloadAssembly
Registering precompiled unity dll's ...
Register platform support module: D:/Unity/Editor/Data/PlaybackEngines/WindowsStandaloneSupport/UnityEditor.WindowsStandalone.Extensions.dll
Registered in 0.000883 seconds.
Native extension for WindowsStandalone target not found
Refreshing native plugins compatible for Editor in 56.50 ms, found 3 plugins.
Preloading 0 native plugins for Editor in 0.00 ms.
Mono: successfully reloaded assembly
- Completed reload, in  0.710 seconds
Domain Reload Profiling:
	ReloadAssembly (710ms)
		BeginReloadAssembly (40ms)
			ExecutionOrderSort (0ms)
			DisableScriptedObjects (0ms)
			BackupInstance (0ms)
			ReleaseScriptingObjects (0ms)
			CreateAndSetChildDomain (1ms)
		EndReloadAssembly (356ms)
			LoadAssemblies (40ms)
			RebuildTransferFunctionScriptingTraits (0ms)
			SetupTypeCache (120ms)
			ReleaseScriptCaches (0ms)
			RebuildScriptCaches (24ms)
			SetupLoadedEditorAssemblies (157ms)
				LogAssemblyErrors (0ms)
				InitializePlatformSupportModulesInManaged (3ms)
				SetLoadedEditorAssemblies (0ms)
				RefreshPlugins (57ms)
				BeforeProcessingInitializeOnLoad (14ms)
				ProcessInitializeOnLoadAttributes (61ms)
				ProcessInitializeOnLoadMethodAttributes (22ms)
				AfterProcessingInitializeOnLoad (0ms)
				EditorAssembliesLoaded (0ms)
			ExecutionOrderSort2 (0ms)
			AwakeInstancesAfterBackupRestoration (0ms)
Platform modules already initialized, skipping
Registering precompiled user dll's ...
Registered in 0.003463 seconds.
Begin MonoManager ReloadAssembly
Native extension for WindowsStandalone target not found
Refreshing native plugins compatible for Editor in 55.34 ms, found 3 plugins.
Preloading 0 native plugins for Editor in 0.00 ms.
Mono: successfully reloaded assembly
- Completed reload, in  0.958 seconds
Domain Reload Profiling:
	ReloadAssembly (958ms)
		BeginReloadAssembly (116ms)
			ExecutionOrderSort (0ms)
			DisableScriptedObjects (4ms)
			BackupInstance (0ms)
			ReleaseScriptingObjects (0ms)
			CreateAndSetChildDomain (17ms)
		EndReloadAssembly (792ms)
			LoadAssemblies (70ms)
			RebuildTransferFunctionScriptingTraits (0ms)
			SetupTypeCache (232ms)
			ReleaseScriptCaches (0ms)
			RebuildScriptCaches (40ms)
			SetupLoadedEditorAssemblies (349ms)
				LogAssemblyErrors (0ms)
				InitializePlatformSupportModulesInManaged (3ms)
				SetLoadedEditorAssemblies (0ms)
				RefreshPlugins (55ms)
				BeforeProcessingInitializeOnLoad (63ms)
				ProcessInitializeOnLoadAttributes (216ms)
				ProcessInitializeOnLoadMethodAttributes (10ms)
				AfterProcessingInitializeOnLoad (2ms)
				EditorAssembliesLoaded (0ms)
			ExecutionOrderSort2 (0ms)
			AwakeInstancesAfterBackupRestoration (5ms)
Platform modules already initialized, skipping
========================================================================
Worker process is ready to serve import requests
Launched and connected shader compiler UnityShaderCompiler.exe after 0.05 seconds
Refreshing native plugins compatible for Editor in 0.82 ms, found 3 plugins.
Preloading 0 native plugins for Editor in 0.00 ms.
Unloading 2096 Unused Serialized files (Serialized files now loaded: 0)
System memory in use before: 95.5 MB.
System memory in use after: 95.6 MB.

Unloading 28 unused Assets to reduce memory usage. Loaded Objects now: 2535.
Total: 3.269200 ms (FindLiveObjects: 0.228200 ms CreateObjectMapping: 0.057100 ms MarkObjects: 2.907500 ms  DeleteObjects: 0.075200 ms)

AssetImportParameters requested are different than current active one (requested -> active):
  custom:framework-win-MediaFoundation: 216162199b28c13a410421893ffa2e32 -> 
  custom:video-decoder-ogg-theora: a1e56fd34408186e4bbccfd4996cb3dc -> 
  custom:container-muxer-webm: aa71ff27fc2769a1b78a27578f13a17b -> 
  custom:container-demuxer-webm: 4f35f7cbe854078d1ac9338744f61a02 -> 
  custom:container-demuxer-ogg: 62fdf1f143b41e24485cea50d1cbac27 -> 
  custom:video-encoder-webm-vp8: eb34c28f22e8b96e1ab97ce403110664 -> 
  custom:video-decoder-webm-vp8: 9c59270c3fd7afecdb556c50c9e8de78 -> 
  custom:audio-decoder-ogg-vorbis: bf7c407c2cedff20999df2af8eb42d56 -> 
  custom:audio-encoder-webm-vorbis: bf7c407c2cedff20999df2af8eb42d56 -> 
========================================================================
Received Import Request.
  path: Assets/Sprites/Final/Assets/Assets_17.controller
  artifactKey: Guid(a44d6a956e65cab4498b9975eb9118c2) Importer(815301076,1909f56bfc062723c751e8b465ee728b)
Start importing Assets/Sprites/Final/Assets/Assets_17.controller using Guid(a44d6a956e65cab4498b9975eb9118c2) Importer(815301076,1909f56bfc062723c751e8b465ee728b)  -> (artifact id: '45ccc754bb733f67ac907abd72d912bc') in 0.064022 seconds 
  Import took 0.067182 seconds .

========================================================================
Received Import Request.
  Time since last request: 17.079086 seconds.
  path: Assets/Sprites/Final/Social
  artifactKey: Guid(671cecf3aa3f64a48b8d22a263cad140) Importer(815301076,1909f56bfc062723c751e8b465ee728b)
Start importing Assets/Sprites/Final/Social using Guid(671cecf3aa3f64a48b8d22a263cad140) Importer(815301076,1909f56bfc062723c751e8b465ee728b)  -> (artifact id: '3ed0685160680c5e5256516c4f7ed5e5') in 0.020741 seconds 
  Import took 0.023888 seconds .

========================================================================
Received Import Request.
  Time since last request: 0.304277 seconds.
  path: Assets/Sprites/Final/Assets
  artifactKey: Guid(ff2405244ba09d440b53cf0f797eee7a) Importer(815301076,1909f56bfc062723c751e8b465ee728b)
Start importing Assets/Sprites/Final/Assets using Guid(ff2405244ba09d440b53cf0f797eee7a) Importer(815301076,1909f56bfc062723c751e8b465ee728b)  -> (artifact id: 'e88af14a9cae74c1bdae75f11ba2ae57') in 0.020228 seconds 
  Import took 0.023510 seconds .

========================================================================
Received Import Request.
  Time since last request: 0.631446 seconds.
  path: Assets/Sprites/Final/Social/Assets.png
  artifactKey: Guid(9bfc3e0904a4caa48ab956a3e952161b) Importer(815301076,1909f56bfc062723c751e8b465ee728b)
Start importing Assets/Sprites/Final/Social/Assets.png using Guid(9bfc3e0904a4caa48ab956a3e952161b) Importer(815301076,1909f56bfc062723c751e8b465ee728b)  -> (artifact id: '2f34a4a428ea80e6773971cf9be9cb07') in 0.113589 seconds 
  Import took 0.116914 seconds .

========================================================================
Received Import Request.
  Time since last request: 0.000263 seconds.
  path: Assets/Sprites/Final/Social/Test_2.png
  artifactKey: Guid(8a6ef92699120474a8a9204c61bbaef5) Importer(815301076,1909f56bfc062723c751e8b465ee728b)
Start importing Assets/Sprites/Final/Social/Test_2.png using Guid(8a6ef92699120474a8a9204c61bbaef5) Importer(815301076,1909f56bfc062723c751e8b465ee728b)  -> (artifact id: 'c891c2783e13b356f55e44de2c7788b1') in 0.025253 seconds 
  Import took 0.028300 seconds .

========================================================================
Received Import Request.
  Time since last request: 0.000168 seconds.
  path: Assets/Sprites/Final/Social/Test.png
  artifactKey: Guid(da74c6a880eb0314e9f299908f4a51a3) Importer(815301076,1909f56bfc062723c751e8b465ee728b)
Start importing Assets/Sprites/Final/Social/Test.png using Guid(da74c6a880eb0314e9f299908f4a51a3) Importer(815301076,1909f56bfc062723c751e8b465ee728b)  -> (artifact id: 'caeaef1faf76dff40dc9ea27d88015f5') in 0.022932 seconds 
  Import took 0.025871 seconds .

========================================================================
Received Import Request.
  Time since last request: 7.686358 seconds.
  path: Assets/Sprites/_PSD
  artifactKey: Guid(c609459e554c3de4ca3c6275927fd388) Importer(815301076,1909f56bfc062723c751e8b465ee728b)
Start importing Assets/Sprites/_PSD using Guid(c609459e554c3de4ca3c6275927fd388) Importer(815301076,1909f56bfc062723c751e8b465ee728b)  -> (artifact id: 'ceb2481df06a32f5f21ed7ff2648eade') in 0.007018 seconds 
  Import took 0.010172 seconds .

========================================================================
Received Import Request.
  Time since last request: 0.291948 seconds.
  path: Assets/Sprites/Animations
  artifactKey: Guid(18ac67b8cf5d0bd4c8cdca4fb9449942) Importer(815301076,1909f56bfc062723c751e8b465ee728b)
Start importing Assets/Sprites/Animations using Guid(18ac67b8cf5d0bd4c8cdca4fb9449942) Importer(815301076,1909f56bfc062723c751e8b465ee728b)  -> (artifact id: '05dbaf31a54b85dffc268913bf4cb265') in 0.005987 seconds 
  Import took 0.009386 seconds .

========================================================================
Received Import Request.
  Time since last request: 0.000595 seconds.
  path: Assets/Sprites/Animations
  artifactKey: Guid(18ac67b8cf5d0bd4c8cdca4fb9449942) Importer(815301076,1909f56bfc062723c751e8b465ee728b)
Start importing Assets/Sprites/Animations using Guid(18ac67b8cf5d0bd4c8cdca4fb9449942) Importer(815301076,1909f56bfc062723c751e8b465ee728b)  -> (artifact id: '05dbaf31a54b85dffc268913bf4cb265') in 0.002374 seconds 
  Import took 0.005620 seconds .

========================================================================
Received Import Request.
  Time since last request: 0.291708 seconds.
  path: Assets/Sprites/Buttons
  artifactKey: Guid(2ca0975170a49e749a6e1a993dfa19fb) Importer(815301076,1909f56bfc062723c751e8b465ee728b)
Start importing Assets/Sprites/Buttons using Guid(2ca0975170a49e749a6e1a993dfa19fb) Importer(815301076,1909f56bfc062723c751e8b465ee728b)  -> (artifact id: '249e783792b606cbb55b92680ac76ff7') in 0.006416 seconds 
  Import took 0.010122 seconds .

========================================================================
Received Import Request.
  Time since last request: 0.322927 seconds.
  path: Assets/Sprites/Final
  artifactKey: Guid(c16a98635a212e9429b5239a8280fd7f) Importer(815301076,1909f56bfc062723c751e8b465ee728b)
Start importing Assets/Sprites/Final using Guid(c16a98635a212e9429b5239a8280fd7f) Importer(815301076,1909f56bfc062723c751e8b465ee728b)  -> (artifact id: '24e6643056ed3a32b3ec0fce501ce279') in 0.006544 seconds 
  Import took 0.010045 seconds .

========================================================================
Received Import Request.
  Time since last request: 18.620543 seconds.
  path: Assets/Sprites/Final/Assets/Background_1.png
  artifactKey: Guid(e589dce593ac2c44191d5590671f22e9) Importer(815301076,1909f56bfc062723c751e8b465ee728b)
Start importing Assets/Sprites/Final/Assets/Background_1.png using Guid(e589dce593ac2c44191d5590671f22e9) Importer(815301076,1909f56bfc062723c751e8b465ee728b)  -> (artifact id: '812107544f3bc3124996d838cd9c4f6e') in 0.010271 seconds 
  Import took 0.014127 seconds .

========================================================================
Received Import Request.
  Time since last request: 20.754486 seconds.
  path: Assets/Sprites/Final/Assets/Background_1.png
  artifactKey: Guid(e589dce593ac2c44191d5590671f22e9) Importer(815301076,1909f56bfc062723c751e8b465ee728b)
Start importing Assets/Sprites/Final/Assets/Background_1.png using Guid(e589dce593ac2c44191d5590671f22e9) Importer(815301076,1909f56bfc062723c751e8b465ee728b)  -> (artifact id: '69eea729f0b040bf59cfa827ff0d42a0') in 0.633521 seconds 
  Import took 0.638204 seconds .

========================================================================
Received Prepare
Registering precompiled user dll's ...
Registered in 0.003657 seconds.
Begin MonoManager ReloadAssembly
Native extension for WindowsStandalone target not found
Refreshing native plugins compatible for Editor in 0.76 ms, found 3 plugins.
Preloading 0 native plugins for Editor in 0.00 ms.
Mono: successfully reloaded assembly
- Completed reload, in  0.870 seconds
Domain Reload Profiling:
	ReloadAssembly (870ms)
		BeginReloadAssembly (105ms)
			ExecutionOrderSort (0ms)
			DisableScriptedObjects (5ms)
			BackupInstance (0ms)
			ReleaseScriptingObjects (0ms)
			CreateAndSetChildDomain (31ms)
		EndReloadAssembly (716ms)
			LoadAssemblies (69ms)
			RebuildTransferFunctionScriptingTraits (0ms)
			SetupTypeCache (231ms)
			ReleaseScriptCaches (1ms)
			RebuildScriptCaches (40ms)
			SetupLoadedEditorAssemblies (286ms)
				LogAssemblyErrors (0ms)
				InitializePlatformSupportModulesInManaged (4ms)
				SetLoadedEditorAssemblies (0ms)
				RefreshPlugins (1ms)
				BeforeProcessingInitializeOnLoad (64ms)
				ProcessInitializeOnLoadAttributes (211ms)
				ProcessInitializeOnLoadMethodAttributes (4ms)
				AfterProcessingInitializeOnLoad (2ms)
				EditorAssembliesLoaded (0ms)
			ExecutionOrderSort2 (0ms)
			AwakeInstancesAfterBackupRestoration (8ms)
Platform modules already initialized, skipping
Refreshing native plugins compatible for Editor in 0.76 ms, found 3 plugins.
Preloading 0 native plugins for Editor in 0.00 ms.
Unloading 2086 Unused Serialized files (Serialized files now loaded: 0)
System memory in use before: 98.1 MB.
System memory in use after: 98.2 MB.

Unloading 16 unused Assets to reduce memory usage. Loaded Objects now: 2548.
Total: 3.094200 ms (FindLiveObjects: 0.230600 ms CreateObjectMapping: 0.048900 ms MarkObjects: 2.791500 ms  DeleteObjects: 0.022200 ms)

AssetImportParameters requested are different than current active one (requested -> active):
  custom:framework-win-MediaFoundation: 216162199b28c13a410421893ffa2e32 -> 
  custom:video-decoder-ogg-theora: a1e56fd34408186e4bbccfd4996cb3dc -> 
  custom:container-muxer-webm: aa71ff27fc2769a1b78a27578f13a17b -> 
  custom:container-demuxer-webm: 4f35f7cbe854078d1ac9338744f61a02 -> 
  custom:container-demuxer-ogg: 62fdf1f143b41e24485cea50d1cbac27 -> 
  custom:video-encoder-webm-vp8: eb34c28f22e8b96e1ab97ce403110664 -> 
  custom:video-decoder-webm-vp8: 9c59270c3fd7afecdb556c50c9e8de78 -> 
  custom:audio-decoder-ogg-vorbis: bf7c407c2cedff20999df2af8eb42d56 -> 
  custom:audio-encoder-webm-vorbis: bf7c407c2cedff20999df2af8eb42d56 -> 
========================================================================
Received Import Request.
  Time since last request: 1126.226054 seconds.
  path: Assets/sounds/92b25a32443fdca.mp3
  artifactKey: Guid(38a60d0c0def131468c69694f80a42b5) Importer(815301076,1909f56bfc062723c751e8b465ee728b)
Start importing Assets/sounds/92b25a32443fdca.mp3 using Guid(38a60d0c0def131468c69694f80a42b5) Importer(815301076,1909f56bfc062723c751e8b465ee728b)  -> (artifact id: '93749a94a604bd2442f3d76b7b6370a4') in 0.108543 seconds 
  Import took 0.112182 seconds .

========================================================================
Received Import Request.
  Time since last request: 0.000242 seconds.
  path: Assets/sounds/wood_click.mp3
  artifactKey: Guid(dd25bb1345d059f40af01effac695f05) Importer(815301076,1909f56bfc062723c751e8b465ee728b)
Start importing Assets/sounds/wood_click.mp3 using Guid(dd25bb1345d059f40af01effac695f05) Importer(815301076,1909f56bfc062723c751e8b465ee728b)  -> (artifact id: 'cff9ba25e46282ce72d484f016a2e3ce') in 0.012327 seconds 
  Import took 0.016246 seconds .

AssetImportWorkerClient::OnTransportError - code=2 error=End of file
