Using pre-set license
Built from '2020.3/staging' branch; Version is '2020.3.17f1 (a4537701e4ab) revision 10769271'; Using compiler version '192528614'; Build Type 'Release'
OS: 'Windows 10 Pro; OS build 19041.1415; Version 2004; 64bit' Language: 'ru' Physical Memory: 16328 MB
BatchMode: 1, IsHumanControllingUs: 0, StartBugReporterOnCrash: 0, Is64bit: 1, IsPro: 0

COMMAND LINE ARGUMENTS:
C:\Program Files\Unity\Hub\Editor\2020.3.17f1\Editor\Unity.exe
-adb2
-batchMode
-noUpm
-name
AssetImportWorker0
-projectPath
C:/Users/stalk/Documents/GitHub/Games/Village Defence
-logFile
Logs/AssetImportWorker0.log
-srvPort
50983
Successfully changed project path to: C:/Users/stalk/Documents/GitHub/Games/Village Defence
C:/Users/stalk/Documents/GitHub/Games/Village Defence
Using Asset Import Pipeline V2.
Refreshing native plugins compatible for Editor in 58.37 ms, found 3 plugins.
Preloading 0 native plugins for Editor in 0.00 ms.
Initialize engine version: 2020.3.17f1 (a4537701e4ab)
[Subsystems] Discovering subsystems at path C:/Program Files/Unity/Hub/Editor/2020.3.17f1/Editor/Data/Resources/UnitySubsystems
[Subsystems] Discovering subsystems at path C:/Users/stalk/Documents/GitHub/Games/Village Defence/Assets
GfxDevice: creating device client; threaded=0
Direct3D:
    Version:  Direct3D 11.0 [level 11.1]
    Renderer: NVIDIA GeForce GTX 1060 3GB (ID=0x1c02)
    Vendor:   
    VRAM:     2988 MB
    Driver:   27.21.14.5730
Initialize mono
Mono path[0] = 'C:/Program Files/Unity/Hub/Editor/2020.3.17f1/Editor/Data/Managed'
Mono path[1] = 'C:/Program Files/Unity/Hub/Editor/2020.3.17f1/Editor/Data/MonoBleedingEdge/lib/mono/unityjit'
Mono config path = 'C:/Program Files/Unity/Hub/Editor/2020.3.17f1/Editor/Data/MonoBleedingEdge/etc'
Using monoOptions --debugger-agent=transport=dt_socket,embedding=1,server=y,suspend=n,address=127.0.0.1:56700
Begin MonoManager ReloadAssembly
Registering precompiled unity dll's ...
Register platform support module: C:/Program Files/Unity/Hub/Editor/2020.3.17f1/Editor/Data/PlaybackEngines/WindowsStandaloneSupport/UnityEditor.WindowsStandalone.Extensions.dll
Registered in 0.002946 seconds.
Native extension for WindowsStandalone target not found
Refreshing native plugins compatible for Editor in 48.78 ms, found 3 plugins.
Preloading 0 native plugins for Editor in 0.00 ms.
Mono: successfully reloaded assembly
- Completed reload, in  1.559 seconds
Domain Reload Profiling:
	ReloadAssembly (1560ms)
		BeginReloadAssembly (79ms)
			ExecutionOrderSort (0ms)
			DisableScriptedObjects (0ms)
			BackupInstance (0ms)
			ReleaseScriptingObjects (0ms)
			CreateAndSetChildDomain (1ms)
		EndReloadAssembly (565ms)
			LoadAssemblies (76ms)
			RebuildTransferFunctionScriptingTraits (0ms)
			SetupTypeCache (194ms)
			ReleaseScriptCaches (0ms)
			RebuildScriptCaches (41ms)
			SetupLoadedEditorAssemblies (234ms)
				LogAssemblyErrors (0ms)
				InitializePlatformSupportModulesInManaged (6ms)
				SetLoadedEditorAssemblies (0ms)
				RefreshPlugins (49ms)
				BeforeProcessingInitializeOnLoad (25ms)
				ProcessInitializeOnLoadAttributes (105ms)
				ProcessInitializeOnLoadMethodAttributes (48ms)
				AfterProcessingInitializeOnLoad (0ms)
				EditorAssembliesLoaded (0ms)
			ExecutionOrderSort2 (0ms)
			AwakeInstancesAfterBackupRestoration (0ms)
Platform modules already initialized, skipping
Registering precompiled user dll's ...
Registered in 0.011295 seconds.
Begin MonoManager ReloadAssembly
Native extension for WindowsStandalone target not found
Refreshing native plugins compatible for Editor in 56.97 ms, found 3 plugins.
Preloading 0 native plugins for Editor in 0.00 ms.
Mono: successfully reloaded assembly
- Completed reload, in  2.064 seconds
Domain Reload Profiling:
	ReloadAssembly (2065ms)
		BeginReloadAssembly (204ms)
			ExecutionOrderSort (0ms)
			DisableScriptedObjects (8ms)
			BackupInstance (0ms)
			ReleaseScriptingObjects (0ms)
			CreateAndSetChildDomain (23ms)
		EndReloadAssembly (1768ms)
			LoadAssemblies (130ms)
			RebuildTransferFunctionScriptingTraits (0ms)
			SetupTypeCache (578ms)
			ReleaseScriptCaches (1ms)
			RebuildScriptCaches (136ms)
			SetupLoadedEditorAssemblies (661ms)
				LogAssemblyErrors (0ms)
				InitializePlatformSupportModulesInManaged (6ms)
				SetLoadedEditorAssemblies (0ms)
				RefreshPlugins (57ms)
				BeforeProcessingInitializeOnLoad (153ms)
				ProcessInitializeOnLoadAttributes (415ms)
				ProcessInitializeOnLoadMethodAttributes (19ms)
				AfterProcessingInitializeOnLoad (10ms)
				EditorAssembliesLoaded (0ms)
			ExecutionOrderSort2 (0ms)
			AwakeInstancesAfterBackupRestoration (10ms)
Platform modules already initialized, skipping
========================================================================
Worker process is ready to serve import requests
Launched and connected shader compiler UnityShaderCompiler.exe after 0.09 seconds
Refreshing native plugins compatible for Editor in 0.59 ms, found 3 plugins.
Preloading 0 native plugins for Editor in 0.00 ms.
Unloading 2096 Unused Serialized files (Serialized files now loaded: 0)
System memory in use before: 93.3 MB.
System memory in use after: 93.4 MB.

Unloading 28 unused Assets to reduce memory usage. Loaded Objects now: 2535.
Total: 4.623200 ms (FindLiveObjects: 0.270900 ms CreateObjectMapping: 0.062600 ms MarkObjects: 4.179000 ms  DeleteObjects: 0.108600 ms)

AssetImportParameters requested are different than current active one (requested -> active):
  custom:framework-win-MediaFoundation: 216162199b28c13a410421893ffa2e32 -> 
  custom:video-decoder-ogg-theora: a1e56fd34408186e4bbccfd4996cb3dc -> 
  custom:container-muxer-webm: aa71ff27fc2769a1b78a27578f13a17b -> 
  custom:container-demuxer-webm: 4f35f7cbe854078d1ac9338744f61a02 -> 
  custom:container-demuxer-ogg: 62fdf1f143b41e24485cea50d1cbac27 -> 
  custom:video-encoder-webm-vp8: eb34c28f22e8b96e1ab97ce403110664 -> 
  custom:video-decoder-webm-vp8: 9c59270c3fd7afecdb556c50c9e8de78 -> 
  custom:audio-decoder-ogg-vorbis: bf7c407c2cedff20999df2af8eb42d56 -> 
  custom:audio-encoder-webm-vorbis: bf7c407c2cedff20999df2af8eb42d56 -> 
========================================================================
Received Import Request.
  path: Assets/Images
  artifactKey: Guid(862b40a45b5176a4997eedfabcfad71e) Importer(815301076,1909f56bfc062723c751e8b465ee728b)
Start importing Assets/Images using Guid(862b40a45b5176a4997eedfabcfad71e) Importer(815301076,1909f56bfc062723c751e8b465ee728b)  -> (artifact id: '8aaf67ffcd57c391e8b3d62bd96dd090') in 0.013789 seconds 
  Import took 0.017473 seconds .

========================================================================
Received Import Request.
  Time since last request: 0.000245 seconds.
  path: Assets/Images/sc2-062.jpg
  artifactKey: Guid(71f28991c7ae1fc439296895a7e92004) Importer(815301076,1909f56bfc062723c751e8b465ee728b)
Start importing Assets/Images/sc2-062.jpg using Guid(71f28991c7ae1fc439296895a7e92004) Importer(815301076,1909f56bfc062723c751e8b465ee728b)  -> (artifact id: 'baf10d0a3b491414d9608587dd8ae734') in 0.183770 seconds 
  Import took 0.188218 seconds .

========================================================================
Received Import Request.
  Time since last request: 0.000363 seconds.
  path: Assets/Images/minerals.jpg
  artifactKey: Guid(57843fe310d2dd94f8273c3a030b78b7) Importer(815301076,1909f56bfc062723c751e8b465ee728b)
Start importing Assets/Images/minerals.jpg using Guid(57843fe310d2dd94f8273c3a030b78b7) Importer(815301076,1909f56bfc062723c751e8b465ee728b)  -> (artifact id: '6c7b701e0df2cc0ffb3ea03ddecb5603') in 0.030142 seconds 
  Import took 0.034149 seconds .

========================================================================
Received Import Request.
  Time since last request: 0.000231 seconds.
  path: Assets/Images/Zealot-Zerg!-Hydralisk!-Battle-ProtectiveField.jpg
  artifactKey: Guid(14f9f946277216341b58553b2fffc0f3) Importer(815301076,1909f56bfc062723c751e8b465ee728b)
Start importing Assets/Images/Zealot-Zerg!-Hydralisk!-Battle-ProtectiveField.jpg using Guid(14f9f946277216341b58553b2fffc0f3) Importer(815301076,1909f56bfc062723c751e8b465ee728b)  -> (artifact id: 'e5970dfb29bbbb67b5dd8fa1941389d1') in 0.045564 seconds 
  Import took 0.050047 seconds .

========================================================================
Received Import Request.
  Time since last request: 0.000216 seconds.
  path: Assets/Images/unknown.png
  artifactKey: Guid(8482e6c0f4da9ca4081096ef5d9cb23e) Importer(815301076,1909f56bfc062723c751e8b465ee728b)
Start importing Assets/Images/unknown.png using Guid(8482e6c0f4da9ca4081096ef5d9cb23e) Importer(815301076,1909f56bfc062723c751e8b465ee728b)  -> (artifact id: 'd4f3950efe65dd6653131c226c9428cb') in 0.024604 seconds 
  Import took 0.028369 seconds .

========================================================================
Received Import Request.
  Time since last request: 0.000234 seconds.
  path: Assets/Images/zergling.jpg
  artifactKey: Guid(0c856949bf55bc744aad4ba822527975) Importer(815301076,1909f56bfc062723c751e8b465ee728b)
Start importing Assets/Images/zergling.jpg using Guid(0c856949bf55bc744aad4ba822527975) Importer(815301076,1909f56bfc062723c751e8b465ee728b)  -> (artifact id: 'f1830bdae4e002c663114d977cd668c0') in 0.034123 seconds 
  Import took 0.040450 seconds .

========================================================================
Received Import Request.
  Time since last request: 0.000240 seconds.
  path: Assets/Images/sound_PNG2.png
  artifactKey: Guid(294aca6aa1b5bb74d9440a217d5fb620) Importer(815301076,1909f56bfc062723c751e8b465ee728b)
Start importing Assets/Images/sound_PNG2.png using Guid(294aca6aa1b5bb74d9440a217d5fb620) Importer(815301076,1909f56bfc062723c751e8b465ee728b)  -> (artifact id: 'c94fac6d7e6f3616036d09adc5958be4') in 0.037517 seconds 
  Import took 0.044699 seconds .

========================================================================
Received Import Request.
  Time since last request: 0.000292 seconds.
  path: Assets/Images/база.jpeg
  artifactKey: Guid(bc4601b21ca0ee940a5aabff16585311) Importer(815301076,1909f56bfc062723c751e8b465ee728b)
Start importing Assets/Images/база.jpeg using Guid(bc4601b21ca0ee940a5aabff16585311) Importer(815301076,1909f56bfc062723c751e8b465ee728b)  -> (artifact id: 'c859f33b25d55addd877f5de5146b09f') in 0.044123 seconds 
  Import took 0.048938 seconds .

========================================================================
Received Import Request.
  Time since last request: 0.000243 seconds.
  path: Assets/Images/probe.jpg
  artifactKey: Guid(fc3593e6dd02da44e9a008061fee4d0f) Importer(815301076,1909f56bfc062723c751e8b465ee728b)
Start importing Assets/Images/probe.jpg using Guid(fc3593e6dd02da44e9a008061fee4d0f) Importer(815301076,1909f56bfc062723c751e8b465ee728b)  -> (artifact id: '8935ee6deba50623391c7701584cec73') in 0.021439 seconds 
  Import took 0.026322 seconds .

========================================================================
Received Import Request.
  Time since last request: 73.726707 seconds.
  path: Assets/Images/172441179.jpg
  artifactKey: Guid(cc2395e44893ea24aa32ee3d2f638b98) Importer(815301076,1909f56bfc062723c751e8b465ee728b)
Start importing Assets/Images/172441179.jpg using Guid(cc2395e44893ea24aa32ee3d2f638b98) Importer(815301076,1909f56bfc062723c751e8b465ee728b)  -> (artifact id: 'c584b868b0961505ca49648918f518a6') in 0.023080 seconds 
  Import took 0.028162 seconds .

========================================================================
Received Import Request.
  Time since last request: 0.000242 seconds.
  path: Assets/Images/CyberneticsCore.jpg
  artifactKey: Guid(34c466d71b5c9a4438ebc80d5c4b6863) Importer(815301076,1909f56bfc062723c751e8b465ee728b)
Start importing Assets/Images/CyberneticsCore.jpg using Guid(34c466d71b5c9a4438ebc80d5c4b6863) Importer(815301076,1909f56bfc062723c751e8b465ee728b)  -> (artifact id: '3fae962bd9c7d7af70d619408c41e898') in 0.027404 seconds 
  Import took 0.031963 seconds .

AssetImportWorkerClient::OnTransportError - code=2 error=End of file
